android/app/build/intermediates/manifest_merge_blame_file/release/manifest-merger-blame-release-report.txt
1<?xml version="1.0" encoding="utf-8"?>
2<manifest xmlns:android="http://schemas.android.com/apk/res/android"
3    package="com.tekram"
4    android:versionCode="4"
5    android:versionName="1.0.3" >
6
7    <uses-sdk
8        android:minSdkVersion="21"
8-->src/main/AndroidManifest.xml
9        android:targetSdkVersion="33" />
9-->src/main/AndroidManifest.xml
10
11    <uses-permission android:name="android.permission.INTERNET" />
11-->src/main/AndroidManifest.xml:4:5-67
11-->src/main/AndroidManifest.xml:4:22-64
12    <uses-permission android:name="android.permission.ACCESS_COARSE_LOCATION" />
12-->src/main/AndroidManifest.xml:5:5-81
12-->src/main/AndroidManifest.xml:5:22-78
13    <uses-permission android:name="android.permission.READ_EXTERNAL_STORAGE" />
13-->src/main/AndroidManifest.xml:6:5-80
13-->src/main/AndroidManifest.xml:6:22-77
14    <uses-permission android:name="android.permission.WRITE_EXTERNAL_STORAGE" />
14-->src/main/AndroidManifest.xml:7:5-81
14-->src/main/AndroidManifest.xml:7:22-78
15    <uses-permission android:name="android.permission.ACCESS_NOTIFICATION_POLICY" />
15-->src/main/AndroidManifest.xml:8:5-85
15-->src/main/AndroidManifest.xml:8:22-82
16    <uses-permission android:name="android.permission.SYSTEM_ALERT_WINDOW" />
16-->src/main/AndroidManifest.xml:9:5-77
16-->src/main/AndroidManifest.xml:9:22-75
17    <uses-permission android:name="android.permission.ACCESS_NETWORK_STATE" />
17-->src/main/AndroidManifest.xml:10:5-79
17-->src/main/AndroidManifest.xml:10:22-76
18    <uses-permission android:name="android.permission.ACCESS_WIFI_STATE" />
18-->[:react-native-community_netinfo] AndroidManifest.xml:10:5-76
18-->[:react-native-community_netinfo] AndroidManifest.xml:10:22-73
19    <uses-permission android:name="android.permission.WAKE_LOCK" />
19-->[:react-native-firebase_messaging] AndroidManifest.xml:10:5-68
19-->[:react-native-firebase_messaging] AndroidManifest.xml:10:22-65
20    <uses-permission android:name="android.permission.POST_NOTIFICATIONS" /> <!-- Required by older versions of Google Play services to create IID tokens -->
20-->[com.google.firebase:firebase-messaging:23.1.2] AndroidManifest.xml:25:5-77
20-->[com.google.firebase:firebase-messaging:23.1.2] AndroidManifest.xml:25:22-74
21    <uses-permission android:name="com.google.android.c2dm.permission.RECEIVE" />
21-->[com.google.firebase:firebase-messaging:23.1.2] AndroidManifest.xml:28:5-82
21-->[com.google.firebase:firebase-messaging:23.1.2] AndroidManifest.xml:28:22-79
22
23    <uses-feature
23-->[com.google.android.gms:play-services-maps:18.0.2] AndroidManifest.xml:26:5-28:35
24        android:glEsVersion="0x00020000"
24-->[com.google.android.gms:play-services-maps:18.0.2] AndroidManifest.xml:27:9-41
25        android:required="true" />
25-->[com.google.android.gms:play-services-maps:18.0.2] AndroidManifest.xml:28:9-32
26
27    <queries>
27-->[com.google.android.gms:play-services-maps:18.0.2] AndroidManifest.xml:30:5-34:15
28
29        <!-- Needs to be explicitly declared on Android R+ -->
30        <package android:name="com.google.android.apps.maps" />
30-->[com.google.android.gms:play-services-maps:18.0.2] AndroidManifest.xml:33:9-64
30-->[com.google.android.gms:play-services-maps:18.0.2] AndroidManifest.xml:33:18-61
31    </queries>
32
33    <uses-permission android:name="android.permission.RECEIVE_BOOT_COMPLETED" />
33-->[androidx.work:work-runtime:2.7.1] AndroidManifest.xml:27:5-81
33-->[androidx.work:work-runtime:2.7.1] AndroidManifest.xml:27:22-78
34    <uses-permission android:name="android.permission.FOREGROUND_SERVICE" />
34-->[androidx.work:work-runtime:2.7.1] AndroidManifest.xml:28:5-77
34-->[androidx.work:work-runtime:2.7.1] AndroidManifest.xml:28:22-74
35
36    <application
36-->src/main/AndroidManifest.xml:12:5-44:19
37        android:name="com.tekram.MainApplication"
37-->src/main/AndroidManifest.xml:13:7-48
38        android:allowBackup="false"
38-->src/main/AndroidManifest.xml:18:7-34
39        android:appComponentFactory="androidx.core.app.CoreComponentFactory"
39-->[androidx.core:core:1.7.0] AndroidManifest.xml:24:18-86
40        android:icon="@mipmap/ic_launcher"
40-->src/main/AndroidManifest.xml:15:7-41
41        android:label="@string/app_name"
41-->src/main/AndroidManifest.xml:14:7-39
42        android:roundIcon="@mipmap/ic_launcher_round"
42-->src/main/AndroidManifest.xml:17:9-54
43        android:theme="@style/AppTheme"
43-->src/main/AndroidManifest.xml:19:7-38
44        android:usesCleartextTraffic="true" >
44-->src/main/AndroidManifest.xml:16:9-44
45        <meta-data
45-->src/main/AndroidManifest.xml:20:8-22:63
46            android:name="com.google.android.geo.API_KEY"
46-->src/main/AndroidManifest.xml:21:6-51
47            android:value="AIzaSyAv0zTFavJT9I6rvLufEodpCvtMkEkdIX8" />
47-->src/main/AndroidManifest.xml:22:6-61
48
49        <activity
49-->src/main/AndroidManifest.xml:23:7-34:18
50            android:name="com.tekram.MainActivity"
50-->src/main/AndroidManifest.xml:24:9-47
51            android:configChanges="keyboard|keyboardHidden|orientation|screenLayout|screenSize|smallestScreenSize|uiMode"
51-->src/main/AndroidManifest.xml:26:9-118
52            android:exported="true"
52-->src/main/AndroidManifest.xml:29:9-32
53            android:label="@string/app_name"
53-->src/main/AndroidManifest.xml:25:9-41
54            android:launchMode="singleTask"
54-->src/main/AndroidManifest.xml:27:9-40
55            android:windowSoftInputMode="adjustResize" >
55-->src/main/AndroidManifest.xml:28:9-51
56            <intent-filter>
56-->src/main/AndroidManifest.xml:30:9-33:25
57                <action android:name="android.intent.action.MAIN" />
57-->src/main/AndroidManifest.xml:31:13-65
57-->src/main/AndroidManifest.xml:31:21-62
58
59                <category android:name="android.intent.category.LAUNCHER" />
59-->src/main/AndroidManifest.xml:32:13-73
59-->src/main/AndroidManifest.xml:32:23-70
60            </intent-filter>
61        </activity>
62
63        <provider
63-->src/main/AndroidManifest.xml:35:9-43:20
64            android:name="androidx.core.content.FileProvider"
64-->src/main/AndroidManifest.xml:36:13-62
65            android:authorities="com.tekram"
65-->src/main/AndroidManifest.xml:37:13-45
66            android:exported="false"
66-->src/main/AndroidManifest.xml:38:13-37
67            android:grantUriPermissions="true" >
67-->src/main/AndroidManifest.xml:39:13-47
68            <meta-data
68-->src/main/AndroidManifest.xml:40:13-42:73
69                android:name="android.support.FILE_PROVIDER_PATHS"
69-->src/main/AndroidManifest.xml:41:17-67
70                android:resource="@xml/freshchat_file_provider_paths" />
70-->src/main/AndroidManifest.xml:42:17-70
71        </provider>
72
73        <service
73-->[:react-native-firebase_messaging] AndroidManifest.xml:14:9-16:40
74            android:name="io.invertase.firebase.messaging.ReactNativeFirebaseMessagingHeadlessService"
74-->[:react-native-firebase_messaging] AndroidManifest.xml:15:13-103
75            android:exported="false" />
75-->[:react-native-firebase_messaging] AndroidManifest.xml:16:13-37
76        <service
76-->[:react-native-firebase_messaging] AndroidManifest.xml:17:9-23:19
77            android:name="io.invertase.firebase.messaging.ReactNativeFirebaseMessagingService"
77-->[:react-native-firebase_messaging] AndroidManifest.xml:18:13-95
78            android:exported="false" >
78-->[:react-native-firebase_messaging] AndroidManifest.xml:19:13-37
79            <intent-filter>
79-->[:react-native-firebase_messaging] AndroidManifest.xml:20:13-22:29
80                <action android:name="com.google.firebase.MESSAGING_EVENT" />
80-->[:react-native-firebase_messaging] AndroidManifest.xml:21:17-78
80-->[:react-native-firebase_messaging] AndroidManifest.xml:21:25-75
81            </intent-filter>
82        </service>
83
84        <receiver
84-->[:react-native-firebase_messaging] AndroidManifest.xml:25:9-32:20
85            android:name="io.invertase.firebase.messaging.ReactNativeFirebaseMessagingReceiver"
85-->[:react-native-firebase_messaging] AndroidManifest.xml:26:13-96
86            android:exported="true"
86-->[:react-native-firebase_messaging] AndroidManifest.xml:27:13-36
87            android:permission="com.google.android.c2dm.permission.SEND" >
87-->[:react-native-firebase_messaging] AndroidManifest.xml:28:13-73
88            <intent-filter>
88-->[:react-native-firebase_messaging] AndroidManifest.xml:29:13-31:29
89                <action android:name="com.google.android.c2dm.intent.RECEIVE" />
89-->[:react-native-firebase_messaging] AndroidManifest.xml:30:17-81
89-->[:react-native-firebase_messaging] AndroidManifest.xml:30:25-78
90            </intent-filter>
91        </receiver>
92
93        <meta-data
93-->[:react-native-firebase_messaging] AndroidManifest.xml:34:9-36:36
94            android:name="firebase_messaging_auto_init_enabled"
94-->[:react-native-firebase_messaging] AndroidManifest.xml:35:13-64
95            android:value="true" />
95-->[:react-native-firebase_messaging] AndroidManifest.xml:36:13-33
96        <meta-data
96-->[:react-native-firebase_messaging] AndroidManifest.xml:37:9-39:32
97            android:name="com.google.firebase.messaging.default_notification_channel_id"
97-->[:react-native-firebase_messaging] AndroidManifest.xml:38:13-89
98            android:value="" />
98-->[:react-native-firebase_messaging] AndroidManifest.xml:39:13-29
99        <meta-data
99-->[:react-native-firebase_messaging] AndroidManifest.xml:40:9-42:47
100            android:name="com.google.firebase.messaging.default_notification_color"
100-->[:react-native-firebase_messaging] AndroidManifest.xml:41:13-84
101            android:resource="@color/white" />
101-->[:react-native-firebase_messaging] AndroidManifest.xml:42:13-44
102        <meta-data
102-->[:react-native-firebase_app] AndroidManifest.xml:11:9-13:36
103            android:name="app_data_collection_default_enabled"
103-->[:react-native-firebase_app] AndroidManifest.xml:12:13-63
104            android:value="true" />
104-->[:react-native-firebase_app] AndroidManifest.xml:13:13-33
105
106        <service
106-->[:react-native-firebase_app] AndroidManifest.xml:15:9-23:19
107            android:name="com.google.firebase.components.ComponentDiscoveryService"
107-->[:react-native-firebase_app] AndroidManifest.xml:16:13-84
108            android:directBootAware="true"
108-->[:react-native-firebase_app] AndroidManifest.xml:17:13-43
109            android:exported="false" >
109-->[:react-native-firebase_app] AndroidManifest.xml:18:13-37
110            <meta-data
110-->[:react-native-firebase_app] AndroidManifest.xml:20:13-22:85
111                android:name="com.google.firebase.components:io.invertase.firebase.app.ReactNativeFirebaseAppRegistrar"
111-->[:react-native-firebase_app] AndroidManifest.xml:21:17-120
112                android:value="com.google.firebase.components.ComponentRegistrar" />
112-->[:react-native-firebase_app] AndroidManifest.xml:22:17-82
113            <meta-data
113-->[com.google.firebase:firebase-messaging:23.1.2] AndroidManifest.xml:55:13-57:85
114                android:name="com.google.firebase.components:com.google.firebase.messaging.FirebaseMessagingRegistrar"
114-->[com.google.firebase:firebase-messaging:23.1.2] AndroidManifest.xml:56:17-119
115                android:value="com.google.firebase.components.ComponentRegistrar" />
115-->[com.google.firebase:firebase-messaging:23.1.2] AndroidManifest.xml:57:17-82
116            <meta-data
116-->[com.google.firebase:firebase-datatransport:18.1.7] AndroidManifest.xml:27:13-29:85
117                android:name="com.google.firebase.components:com.google.firebase.datatransport.TransportRegistrar"
117-->[com.google.firebase:firebase-datatransport:18.1.7] AndroidManifest.xml:28:17-115
118                android:value="com.google.firebase.components.ComponentRegistrar" />
118-->[com.google.firebase:firebase-datatransport:18.1.7] AndroidManifest.xml:29:17-82
119            <meta-data
119-->[com.google.firebase:firebase-installations:17.1.3] AndroidManifest.xml:17:13-19:85
120                android:name="com.google.firebase.components:com.google.firebase.installations.FirebaseInstallationsRegistrar"
120-->[com.google.firebase:firebase-installations:17.1.3] AndroidManifest.xml:18:17-127
121                android:value="com.google.firebase.components.ComponentRegistrar" />
121-->[com.google.firebase:firebase-installations:17.1.3] AndroidManifest.xml:19:17-82
122        </service>
123
124        <provider
124-->[:react-native-firebase_app] AndroidManifest.xml:25:9-29:38
125            android:name="io.invertase.firebase.app.ReactNativeFirebaseAppInitProvider"
125-->[:react-native-firebase_app] AndroidManifest.xml:26:13-88
126            android:authorities="com.tekram.reactnativefirebaseappinitprovider"
126-->[:react-native-firebase_app] AndroidManifest.xml:27:13-86
127            android:exported="false"
127-->[:react-native-firebase_app] AndroidManifest.xml:28:13-37
128            android:initOrder="99" />
128-->[:react-native-firebase_app] AndroidManifest.xml:29:13-35
129        <provider
129-->[:react-native-image-picker] AndroidManifest.xml:10:9-18:20
130            android:name="com.imagepicker.ImagePickerProvider"
130-->[:react-native-image-picker] AndroidManifest.xml:11:13-63
131            android:authorities="com.tekram.imagepickerprovider"
131-->[:react-native-image-picker] AndroidManifest.xml:12:13-71
132            android:exported="false"
132-->[:react-native-image-picker] AndroidManifest.xml:13:13-37
133            android:grantUriPermissions="true" >
133-->[:react-native-image-picker] AndroidManifest.xml:14:13-47
134            <meta-data
134-->src/main/AndroidManifest.xml:40:13-42:73
135                android:name="android.support.FILE_PROVIDER_PATHS"
135-->src/main/AndroidManifest.xml:41:17-67
136                android:resource="@xml/imagepicker_provider_paths" />
136-->src/main/AndroidManifest.xml:42:17-70
137        </provider> <!-- A proxy-service that gives the library an opportunity to do some work before launching/resuming the actual application task. -->
138        <service android:name="com.wix.reactnativenotifications.core.ProxyService" />
138-->[:react-native-notifications] AndroidManifest.xml:12:9-86
138-->[:react-native-notifications] AndroidManifest.xml:12:18-83
139        <service
139-->[:react-native-notifications] AndroidManifest.xml:13:9-20:19
140            android:name="com.wix.reactnativenotifications.fcm.FcmInstanceIdListenerService"
140-->[:react-native-notifications] AndroidManifest.xml:14:13-93
141            android:exported="true" >
141-->[:react-native-notifications] AndroidManifest.xml:15:13-36
142            <intent-filter>
142-->[:react-native-notifications] AndroidManifest.xml:16:13-19:29
143                <action android:name="com.google.firebase.MESSAGING_EVENT" />
143-->[:react-native-firebase_messaging] AndroidManifest.xml:21:17-78
143-->[:react-native-firebase_messaging] AndroidManifest.xml:21:25-75
144                <action android:name="com.google.firebase.INSTANCE_ID_EVENT" />
144-->[:react-native-notifications] AndroidManifest.xml:18:17-80
144-->[:react-native-notifications] AndroidManifest.xml:18:25-77
145            </intent-filter>
146        </service>
147        <service
147-->[:react-native-notifications] AndroidManifest.xml:21:9-24:72
148            android:name="com.wix.reactnativenotifications.fcm.FcmInstanceIdRefreshHandlerService"
148-->[:react-native-notifications] AndroidManifest.xml:22:13-99
149            android:exported="false"
149-->[:react-native-notifications] AndroidManifest.xml:23:13-37
150            android:permission="android.permission.BIND_JOB_SERVICE" />
150-->[:react-native-notifications] AndroidManifest.xml:24:13-69
151
152        <provider
152-->[:react-native-webview] AndroidManifest.xml:10:9-18:20
153            android:name="com.reactnativecommunity.webview.RNCWebViewFileProvider"
153-->[:react-native-webview] AndroidManifest.xml:11:13-83
154            android:authorities="com.tekram.fileprovider"
154-->[:react-native-webview] AndroidManifest.xml:12:13-64
155            android:exported="false"
155-->[:react-native-webview] AndroidManifest.xml:13:13-37
156            android:grantUriPermissions="true" >
156-->[:react-native-webview] AndroidManifest.xml:14:13-47
157            <meta-data
157-->src/main/AndroidManifest.xml:40:13-42:73
158                android:name="android.support.FILE_PROVIDER_PATHS"
158-->src/main/AndroidManifest.xml:41:17-67
159                android:resource="@xml/file_provider_paths" />
159-->src/main/AndroidManifest.xml:42:17-70
160        </provider>
161
162        <receiver
162-->[com.google.firebase:firebase-messaging:23.1.2] AndroidManifest.xml:31:9-38:20
163            android:name="com.google.firebase.iid.FirebaseInstanceIdReceiver"
163-->[com.google.firebase:firebase-messaging:23.1.2] AndroidManifest.xml:32:13-78
164            android:exported="true"
164-->[com.google.firebase:firebase-messaging:23.1.2] AndroidManifest.xml:33:13-36
165            android:permission="com.google.android.c2dm.permission.SEND" >
165-->[com.google.firebase:firebase-messaging:23.1.2] AndroidManifest.xml:34:13-73
166            <intent-filter>
166-->[:react-native-firebase_messaging] AndroidManifest.xml:29:13-31:29
167                <action android:name="com.google.android.c2dm.intent.RECEIVE" />
167-->[:react-native-firebase_messaging] AndroidManifest.xml:30:17-81
167-->[:react-native-firebase_messaging] AndroidManifest.xml:30:25-78
168            </intent-filter>
169        </receiver>
170        <!--
171             FirebaseMessagingService performs security checks at runtime,
172             but set to not exported to explicitly avoid allowing another app to call it.
173        -->
174        <service
174-->[com.google.firebase:firebase-messaging:23.1.2] AndroidManifest.xml:44:9-51:19
175            android:name="com.google.firebase.messaging.FirebaseMessagingService"
175-->[com.google.firebase:firebase-messaging:23.1.2] AndroidManifest.xml:45:13-82
176            android:directBootAware="true"
176-->[com.google.firebase:firebase-messaging:23.1.2] AndroidManifest.xml:46:13-43
177            android:exported="false" >
177-->[com.google.firebase:firebase-messaging:23.1.2] AndroidManifest.xml:47:13-37
178            <intent-filter android:priority="-500" >
178-->[:react-native-firebase_messaging] AndroidManifest.xml:20:13-22:29
179                <action android:name="com.google.firebase.MESSAGING_EVENT" />
179-->[:react-native-firebase_messaging] AndroidManifest.xml:21:17-78
179-->[:react-native-firebase_messaging] AndroidManifest.xml:21:25-75
180            </intent-filter>
181        </service>
182        <service
182-->[com.google.android.datatransport:transport-backend-cct:3.1.8] AndroidManifest.xml:28:9-34:19
183            android:name="com.google.android.datatransport.runtime.backends.TransportBackendDiscovery"
183-->[com.google.android.datatransport:transport-backend-cct:3.1.8] AndroidManifest.xml:29:13-103
184            android:exported="false" >
184-->[com.google.android.datatransport:transport-backend-cct:3.1.8] AndroidManifest.xml:30:13-37
185            <meta-data
185-->[com.google.android.datatransport:transport-backend-cct:3.1.8] AndroidManifest.xml:31:13-33:39
186                android:name="backend:com.google.android.datatransport.cct.CctBackendFactory"
186-->[com.google.android.datatransport:transport-backend-cct:3.1.8] AndroidManifest.xml:32:17-94
187                android:value="cct" />
187-->[com.google.android.datatransport:transport-backend-cct:3.1.8] AndroidManifest.xml:33:17-36
188        </service>
189        <service
189-->[com.google.android.datatransport:transport-runtime:3.1.8] AndroidManifest.xml:26:9-30:19
190            android:name="com.google.android.datatransport.runtime.scheduling.jobscheduling.JobInfoSchedulerService"
190-->[com.google.android.datatransport:transport-runtime:3.1.8] AndroidManifest.xml:27:13-117
191            android:exported="false"
191-->[com.google.android.datatransport:transport-runtime:3.1.8] AndroidManifest.xml:28:13-37
192            android:permission="android.permission.BIND_JOB_SERVICE" >
192-->[com.google.android.datatransport:transport-runtime:3.1.8] AndroidManifest.xml:29:13-69
193        </service>
194
195        <receiver
195-->[com.google.android.datatransport:transport-runtime:3.1.8] AndroidManifest.xml:32:9-34:40
196            android:name="com.google.android.datatransport.runtime.scheduling.jobscheduling.AlarmManagerSchedulerBroadcastReceiver"
196-->[com.google.android.datatransport:transport-runtime:3.1.8] AndroidManifest.xml:33:13-132
197            android:exported="false" />
197-->[com.google.android.datatransport:transport-runtime:3.1.8] AndroidManifest.xml:34:13-37
198
199        <provider
199-->[com.google.firebase:firebase-common:20.3.2] AndroidManifest.xml:25:9-30:39
200            android:name="com.google.firebase.provider.FirebaseInitProvider"
200-->[com.google.firebase:firebase-common:20.3.2] AndroidManifest.xml:26:13-77
201            android:authorities="com.tekram.firebaseinitprovider"
201-->[com.google.firebase:firebase-common:20.3.2] AndroidManifest.xml:27:13-72
202            android:directBootAware="true"
202-->[com.google.firebase:firebase-common:20.3.2] AndroidManifest.xml:28:13-43
203            android:exported="false"
203-->[com.google.firebase:firebase-common:20.3.2] AndroidManifest.xml:29:13-37
204            android:initOrder="100" />
204-->[com.google.firebase:firebase-common:20.3.2] AndroidManifest.xml:30:13-36
205
206        <activity
206-->[com.github.freshworks:freshchat-android:5.4.2] AndroidManifest.xml:22:9-24:68
207            android:name="com.freshchat.consumer.sdk.activity.ChannelListActivity"
207-->[com.github.freshworks:freshchat-android:5.4.2] AndroidManifest.xml:23:13-83
208            android:theme="@style/Theme.Freshchat.SelectedTheme" />
208-->[com.github.freshworks:freshchat-android:5.4.2] AndroidManifest.xml:24:13-65
209        <activity
209-->[com.github.freshworks:freshchat-android:5.4.2] AndroidManifest.xml:25:9-29:57
210            android:name="com.freshchat.consumer.sdk.activity.ConversationDetailActivity"
210-->[com.github.freshworks:freshchat-android:5.4.2] AndroidManifest.xml:26:13-90
211            android:configChanges="orientation|screenSize|screenLayout"
211-->[com.github.freshworks:freshchat-android:5.4.2] AndroidManifest.xml:27:13-72
212            android:theme="@style/Theme.Freshchat.SelectedTheme"
212-->[com.github.freshworks:freshchat-android:5.4.2] AndroidManifest.xml:28:13-65
213            android:windowSoftInputMode="stateHidden" />
213-->[com.github.freshworks:freshchat-android:5.4.2] AndroidManifest.xml:29:13-54
214        <activity
214-->[com.github.freshworks:freshchat-android:5.4.2] AndroidManifest.xml:30:9-33:68
215            android:name="com.freshchat.consumer.sdk.activity.DeeplinkInterstitialActivity"
215-->[com.github.freshworks:freshchat-android:5.4.2] AndroidManifest.xml:31:13-92
216            android:screenOrientation="portrait"
216-->[com.github.freshworks:freshchat-android:5.4.2] AndroidManifest.xml:32:13-49
217            android:theme="@style/Theme.Freshchat.SelectedTheme" />
217-->[com.github.freshworks:freshchat-android:5.4.2] AndroidManifest.xml:33:13-65
218        <activity
218-->[com.github.freshworks:freshchat-android:5.4.2] AndroidManifest.xml:34:9-38:58
219            android:name="com.freshchat.consumer.sdk.activity.PictureAttachmentActivity"
219-->[com.github.freshworks:freshchat-android:5.4.2] AndroidManifest.xml:35:13-89
220            android:configChanges="orientation|screenSize"
220-->[com.github.freshworks:freshchat-android:5.4.2] AndroidManifest.xml:36:13-59
221            android:theme="@style/Theme.Freshchat.SelectedTheme"
221-->[com.github.freshworks:freshchat-android:5.4.2] AndroidManifest.xml:37:13-65
222            android:windowSoftInputMode="adjustResize" />
222-->[com.github.freshworks:freshchat-android:5.4.2] AndroidManifest.xml:38:13-55
223        <activity
223-->[com.github.freshworks:freshchat-android:5.4.2] AndroidManifest.xml:39:9-41:68
224            android:name="com.freshchat.consumer.sdk.activity.CategoryListActivity"
224-->[com.github.freshworks:freshchat-android:5.4.2] AndroidManifest.xml:40:13-84
225            android:theme="@style/Theme.Freshchat.SelectedTheme" />
225-->[com.github.freshworks:freshchat-android:5.4.2] AndroidManifest.xml:41:13-65
226        <activity
226-->[com.github.freshworks:freshchat-android:5.4.2] AndroidManifest.xml:42:9-45:58
227            android:name="com.freshchat.consumer.sdk.activity.ArticleListActivity"
227-->[com.github.freshworks:freshchat-android:5.4.2] AndroidManifest.xml:43:13-83
228            android:theme="@style/Theme.Freshchat.SelectedTheme"
228-->[com.github.freshworks:freshchat-android:5.4.2] AndroidManifest.xml:44:13-65
229            android:windowSoftInputMode="adjustResize" />
229-->[com.github.freshworks:freshchat-android:5.4.2] AndroidManifest.xml:45:13-55
230        <activity
230-->[com.github.freshworks:freshchat-android:5.4.2] AndroidManifest.xml:46:9-48:68
231            android:name="com.freshchat.consumer.sdk.activity.ArticleDetailActivity"
231-->[com.github.freshworks:freshchat-android:5.4.2] AndroidManifest.xml:47:13-85
232            android:theme="@style/Theme.Freshchat.SelectedTheme" />
232-->[com.github.freshworks:freshchat-android:5.4.2] AndroidManifest.xml:48:13-65
233        <activity
233-->[com.github.freshworks:freshchat-android:5.4.2] AndroidManifest.xml:49:9-52:66
234            android:name="com.freshchat.consumer.sdk.activity.InterstitialActivity"
234-->[com.github.freshworks:freshchat-android:5.4.2] AndroidManifest.xml:50:13-84
235            android:configChanges="orientation|screenSize"
235-->[com.github.freshworks:freshchat-android:5.4.2] AndroidManifest.xml:51:13-59
236            android:theme="@style/Freshchat.Theme.Transparent" />
236-->[com.github.freshworks:freshchat-android:5.4.2] AndroidManifest.xml:52:13-63
237        <activity
237-->[com.github.freshworks:freshchat-android:5.4.2] AndroidManifest.xml:53:9-55:68
238            android:name="com.freshchat.consumer.sdk.activity.BotFaqDetailsActivity"
238-->[com.github.freshworks:freshchat-android:5.4.2] AndroidManifest.xml:54:13-85
239            android:theme="@style/Theme.Freshchat.SelectedTheme" />
239-->[com.github.freshworks:freshchat-android:5.4.2] AndroidManifest.xml:55:13-65
240
241        <service android:name="com.freshchat.consumer.sdk.service.FreshchatService" />
241-->[com.github.freshworks:freshchat-android:5.4.2] AndroidManifest.xml:57:9-87
241-->[com.github.freshworks:freshchat-android:5.4.2] AndroidManifest.xml:57:18-84
242
243        <receiver
243-->[com.github.freshworks:freshchat-android:5.4.2] AndroidManifest.xml:59:9-67:20
244            android:name="com.freshchat.consumer.sdk.receiver.FreshchatReceiver"
244-->[com.github.freshworks:freshchat-android:5.4.2] AndroidManifest.xml:60:13-81
245            android:exported="false" >
245-->[com.github.freshworks:freshchat-android:5.4.2] AndroidManifest.xml:61:13-37
246            <intent-filter>
246-->[com.github.freshworks:freshchat-android:5.4.2] AndroidManifest.xml:62:13-66:29
247                <action android:name="android.intent.action.BOOT_COMPLETED" />
247-->[com.github.freshworks:freshchat-android:5.4.2] AndroidManifest.xml:63:17-79
247-->[com.github.freshworks:freshchat-android:5.4.2] AndroidManifest.xml:63:25-76
248                <action android:name="android.intent.action.LOCALE_CHANGED" />
248-->[com.github.freshworks:freshchat-android:5.4.2] AndroidManifest.xml:64:17-79
248-->[com.github.freshworks:freshchat-android:5.4.2] AndroidManifest.xml:64:25-76
249                <action android:name="android.intent.action.MY_PACKAGE_REPLACED" />
249-->[com.github.freshworks:freshchat-android:5.4.2] AndroidManifest.xml:65:17-84
249-->[com.github.freshworks:freshchat-android:5.4.2] AndroidManifest.xml:65:25-81
250            </intent-filter>
251        </receiver>
252        <receiver
252-->[com.github.freshworks:freshchat-android:5.4.2] AndroidManifest.xml:68:9-74:20
253            android:name="com.freshchat.consumer.sdk.receiver.FreshchatNetworkChangeReceiver"
253-->[com.github.freshworks:freshchat-android:5.4.2] AndroidManifest.xml:69:13-94
254            android:exported="false" >
254-->[com.github.freshworks:freshchat-android:5.4.2] AndroidManifest.xml:70:13-37
255            <intent-filter>
255-->[com.github.freshworks:freshchat-android:5.4.2] AndroidManifest.xml:71:13-73:29
256                <action android:name="android.net.conn.CONNECTIVITY_CHANGE" />
256-->[com.github.freshworks:freshchat-android:5.4.2] AndroidManifest.xml:72:17-79
256-->[com.github.freshworks:freshchat-android:5.4.2] AndroidManifest.xml:72:25-76
257            </intent-filter>
258        </receiver>
259
260        <provider
260-->[com.github.freshworks:freshchat-android:5.4.2] AndroidManifest.xml:76:9-81:43
261            android:name="com.freshchat.consumer.sdk.provider.FreshchatInitProvider"
261-->[com.github.freshworks:freshchat-android:5.4.2] AndroidManifest.xml:77:13-85
262            android:authorities="com.tekram.freshchat.initprovider"
262-->[com.github.freshworks:freshchat-android:5.4.2] AndroidManifest.xml:78:13-74
263            android:enabled="true"
263-->[com.github.freshworks:freshchat-android:5.4.2] AndroidManifest.xml:79:13-35
264            android:exported="false"
264-->[com.github.freshworks:freshchat-android:5.4.2] AndroidManifest.xml:80:13-37
265            android:multiprocess="true" />
265-->[com.github.freshworks:freshchat-android:5.4.2] AndroidManifest.xml:81:13-40
266
267        <activity
267-->[com.github.freshworks:freshchat-android:5.4.2] AndroidManifest.xml:83:9-86:68
268            android:name="com.freshchat.consumer.sdk.activity.FAQCategoriesActivity"